norm U   =  1.40971899321e-06
norm U   =  25617850.4182
norm U   =  3.45555763238e-05
>>>> coarse grid  [7, 7]  with splines of degree  [3, 3]
>>>> fine   grid  [15, 15]  with splines of degree  [3, 3]
>>> Solving using Picard <<<
*****************************
Coarse solver converges after  20  with final error  0.000745363651218  with final H1-error  1.49242788283e-05
Elapsed time  0.722335100174
*****************************
*****************************
Monge-Ampere eq. converges after  7  with final error  0.000904425298387  with final H1-error  3.84687486031e-05
Elapsed time  1.06378912926
*****************************
Error-coarse         0.00315687477848
Error-fine           0.000525091030893
>>>> coarse grid  [7, 7]  with splines of degree  [3, 3]
>>>> fine   grid  [15, 15]  with splines of degree  [3, 3]
*****************************
Coarse solver converges after  20  with final error  0.000745363651218  with final H1-error  1.49242788283e-05
Elapsed time  0.703804016113
*****************************
*****************************
1 :     |F(x)| =  0.0279227474034    |DF(x)| =  0.000235791065688
2 :     |F(x)| =  0.0408407937839    |DF(x)| =  0.000513723398478
3 :     |F(x)| =  0.0128844723793    |DF(x)| =  0.000301941336964
4 :     |F(x)| =  0.0062669915589    |DF(x)| =  0.000179716342405
5 :     |F(x)| =  0.00329653899066    |DF(x)| =  0.000108969317179
6 :     |F(x)| =  0.00173311796311    |DF(x)| =  6.53917051781e-05
7 :     |F(x)| =  0.000904425298387    |DF(x)| =  3.84687486031e-05
>> Elapsed time  0.803951978683
Monge-Ampere eq. converges after  7  with final error  0.000904425298387  with final H1-error  3.84687486031e-05
Elapsed time  1.03853607178
*****************************
>>> Solving using Picard <<<
1 :     |F(x)| =  13.6628058744    |DF(x)| =  131.18815542
2 :     |F(x)| =  0.235992073928    |DF(x)| =  2.07914584672
3 :     |F(x)| =  0.0915583969691    |DF(x)| =  0.710091723713
4 :     |F(x)| =  0.0429621199222    |DF(x)| =  0.314841783101
5 :     |F(x)| =  0.0213600863487    |DF(x)| =  0.150196219217
6 :     |F(x)| =  0.0109370481062    |DF(x)| =  0.0741731824397
7 :     |F(x)| =  0.00570687265198    |DF(x)| =  0.0373529134348
8 :     |F(x)| =  0.00302061519561    |DF(x)| =  0.0190617105731
9 :     |F(x)| =  0.00161829577565    |DF(x)| =  0.00981577081767
10 :     |F(x)| =  0.000876608818995    |DF(x)| =  0.00508617412373
11 :     |F(x)| =  0.000479803982802    |DF(x)| =  0.00265829660896
12 :     |F(x)| =  0.000265254721491    |DF(x)| =  0.00139536102012
13 :     |F(x)| =  0.000148228911941    |DF(x)| =  0.000735306769613
14 :     |F(x)| =  8.36174925658e-05    |DF(x)| =  0.000388204676028
15 :     |F(x)| =  4.75606075497e-05    |DF(x)| =  0.000203318845166
16 :     |F(x)| =  2.73424851183e-05    |DF(x)| =  0.000109016878781
17 :     |F(x)| =  1.56427909876e-05    |DF(x)| =  4.9798353686e-05
18 :     |F(x)| =  9.27059416573e-06    |DF(x)| =  2.76753210784e-05
19 :     |F(x)| =  3.64357121165e-06    |DF(x)| =  3.57442331733e-07
>> Elapsed time  0.546959877014
norm using Picard   2.57358632053e-06
norm U   =  5.36233529374e-06
norm U   =  0.0661627741374
norm U   =  0.00210675303264
>>> Solving using Newton <<<
1 :     |F(x)| =  12.9471102898    |DF(x)| =  2.36942265871
2 :     |F(x)| =  4.59780630585    |DF(x)| =  0.162645739046
3 :     |F(x)| =  2.01680483592    |DF(x)| =  0.0164612997257
4 :     |F(x)| =  0.95197048548    |DF(x)| =  0.001872142605
5 :     |F(x)| =  0.463150689419    |DF(x)| =  0.000223658332884
6 :     |F(x)| =  0.22841780723    |DF(x)| =  2.73283923358e-05
7 :     |F(x)| =  0.113256248856    |DF(x)| =  3.36974786709e-06
8 :     |F(x)| =  0.0560349992543    |DF(x)| =  4.14390242228e-07
9 :     |F(x)| =  0.0271752645564    |DF(x)| =  4.94619456264e-08
10 :     |F(x)| =  0.0    |DF(x)| =  0.0
>> Elapsed time  3.09599590302
norm using Newton   0.00130416118897
>>> Solving using Newton <<<
1 :     |F(x)| =  8.73444690692    |DF(x)| =  2.36942219488
2 :     |F(x)| =  2.14631057097    |DF(x)| =  0.113643168791
3 :     |F(x)| =  0.929538960248    |DF(x)| =  0.0206859247897
4 :     |F(x)| =  0.529953573952    |DF(x)| =  0.00652579309167
5 :     |F(x)| =  0.344634561082    |DF(x)| =  0.00269800963054
6 :     |F(x)| =  0.242682142759    |DF(x)| =  0.00131595320329
7 :     |F(x)| =  0.180383708759    |DF(x)| =  0.000718132569685
8 :     |F(x)| =  0.1394577573    |DF(x)| =  0.000425168827757
9 :     |F(x)| =  0.111099211151    |DF(x)| =  0.000267803502043
10 :     |F(x)| =  0.0906251091608    |DF(x)| =  0.000177102604172
11 :     |F(x)| =  0.0753526564162    |DF(x)| =  0.000121819384178
12 :     |F(x)| =  0.0636529741614    |DF(x)| =  8.65560852009e-05
13 :     |F(x)| =  0.054489680135    |DF(x)| =  6.31978665225e-05
14 :     |F(x)| =  0.0471774278015    |DF(x)| =  4.72251110675e-05
15 :     |F(x)| =  0.0412480832115    |DF(x)| =  3.60012716648e-05
16 :     |F(x)| =  0.0363729314502    |DF(x)| =  2.79264910613e-05
17 :     |F(x)| =  0.032315591037    |DF(x)| =  2.19964512664e-05
18 :     |F(x)| =  0.0289025105058    |DF(x)| =  1.75617661278e-05
19 :     |F(x)| =  0.0260039177099    |DF(x)| =  1.41914888813e-05
20 :     |F(x)| =  0.0235211900896    |DF(x)| =  1.1592969695e-05
21 :     |F(x)| =  0.0213782843396    |DF(x)| =  9.56334617063e-06
22 :     |F(x)| =  0.0195157987211    |DF(x)| =  7.95937513945e-06
23 :     |F(x)| =  0.017886782    |DF(x)| =  6.67821021237e-06
24 :     |F(x)| =  0.0164537251227    |DF(x)| =  5.64488287805e-06
25 :     |F(x)| =  0.0151863687114    |DF(x)| =  4.80398618e-06
26 :     |F(x)| =  0.0140600828046    |DF(x)| =  4.1140495627e-06
27 :     |F(x)| =  0.0130546541882    |DF(x)| =  3.54367070087e-06
28 :     |F(x)| =  0.0121533681306    |DF(x)| =  3.06881491256e-06
29 :     |F(x)| =  0.0113423055326    |DF(x)| =  2.67090321554e-06
30 :     |F(x)| =  0.0106097995794    |DF(x)| =  2.33544113464e-06
31 :     |F(x)| =  0.00994601180424    |DF(x)| =  2.05102347785e-06
32 :     |F(x)| =  0.00934259846988    |DF(x)| =  1.80860390788e-06
33 :     |F(x)| =  0.00879244591551    |DF(x)| =  1.60095326304e-06
34 :     |F(x)| =  0.0082894590352    |DF(x)| =  1.42225393768e-06
35 :     |F(x)| =  0.00782839103171    |DF(x)| =  1.26779337416e-06
36 :     |F(x)| =  0.00740470548764    |DF(x)| =  1.13373046488e-06
37 :     |F(x)| =  0.0070144639218    |DF(x)| =  1.0169160874e-06
38 :     |F(x)| =  0.00665423358791    |DF(x)| =  9.14754181728e-07
39 :     |F(x)| =  0.00632101145276    |DF(x)| =  8.25093441212e-07
40 :     |F(x)| =  0.00601216118659    |DF(x)| =  7.46142299214e-07
>> Elapsed time  4.1639919281
norm using Newton   0.0158270006125
>>> Solving using Picard <<<
1 :     |F(x)| =  8.50189662852    |DF(x)| =  1.57079632316
2 :     |F(x)| =  3.55558002281    |DF(x)| =  1.54055525754
3 :     |F(x)| =  1.98870989616    |DF(x)| =  1.08843033832
4 :     |F(x)| =  1.27979452752    |DF(x)| =  0.787740296686
5 :     |F(x)| =  0.895817584136    |DF(x)| =  0.592404534895
6 :     |F(x)| =  0.663463083143    |DF(x)| =  0.460617846658
7 :     |F(x)| =  0.511787740623    |DF(x)| =  0.368067600489
8 :     |F(x)| =  0.407139363915    |DF(x)| =  0.300755011846
9 :     |F(x)| =  0.33181242194    |DF(x)| =  0.25032791009
10 :     |F(x)| =  0.275743072675    |DF(x)| =  0.211596614743
11 :     |F(x)| =  0.232856710921    |DF(x)| =  0.18121232412
12 :     |F(x)| =  0.199305593794    |DF(x)| =  0.156940480948
13 :     |F(x)| =  0.172554081757    |DF(x)| =  0.137245606258
14 :     |F(x)| =  0.150874908292    |DF(x)| =  0.121045123465
15 :     |F(x)| =  0.1330578587    |DF(x)| =  0.107558339121
16 :     |F(x)| =  0.118234180625    |DF(x)| =  0.0962109217171
17 :     |F(x)| =  0.105766938924    |DF(x)| =  0.0865728033601
18 :     |F(x)| =  0.0951804181289    |DF(x)| =  0.0783168099694
19 :     |F(x)| =  0.0861134309781    |DF(x)| =  0.0711904840314
20 :     |F(x)| =  0.0782876978356    |DF(x)| =  0.0649965092938
21 :     |F(x)| =  0.0714859765268    |DF(x)| =  0.0595788659005
22 :     |F(x)| =  0.0655366478111    |DF(x)| =  0.05481287399
23 :     |F(x)| =  0.0603026645248    |DF(x)| =  0.0505979316897
24 :     |F(x)| =  0.0556735061471    |DF(x)| =  0.0468521411367
25 :     |F(x)| =  0.0515592386207    |DF(x)| =  0.0435082840475
26 :     |F(x)| =  0.0478860719706    |DF(x)| =  0.040510772644
27 :     |F(x)| =  0.0445929987046    |DF(x)| =  0.0378133146266
28 :     |F(x)| =  0.0416292223109    |DF(x)| =  0.0353771075728
29 :     |F(x)| =  0.0389521703354    |DF(x)| =  0.0331694296443
30 :     |F(x)| =  0.0365259448051    |DF(x)| =  0.0311625304251
31 :     |F(x)| =  0.0343201032466    |DF(x)| =  0.0293327508047
32 :     |F(x)| =  0.0323086920075    |DF(x)| =  0.0276598195638
33 :     |F(x)| =  0.0304694738692    |DF(x)| =  0.0261262870253
34 :     |F(x)| =  0.0287833065301    |DF(x)| =  0.0247170666391
35 :     |F(x)| =  0.0272336391769    |DF(x)| =  0.0234190602937
36 :     |F(x)| =  0.0258061021349    |DF(x)| =  0.0222208522169
37 :     |F(x)| =  0.024488170467    |DF(x)| =  0.0211124558641
38 :     |F(x)| =  0.0232688866157    |DF(x)| =  0.0200851043029
39 :     |F(x)| =  0.0221386305539    |DF(x)| =  0.019131075681
40 :     |F(x)| =  0.0210889283527    |DF(x)| =  0.0182435471018
41 :     |F(x)| =  0.0201122919932    |DF(x)| =  0.0174164718516
42 :     |F(x)| =  0.0192020847246    |DF(x)| =  0.0166444757188
43 :     |F(x)| =  0.0183524074126    |DF(x)| =  0.0159227691624
44 :     |F(x)| =  0.0175580022172    |DF(x)| =  0.0152470724875
45 :     |F(x)| =  0.0168141706467    |DF(x)| =  0.0146135523267
46 :     |F(x)| =  0.0161167035841    |DF(x)| =  0.0140187664549
47 :     |F(x)| =  0.0154618212981    |DF(x)| =  0.0134596170873
48 :     |F(x)| =  0.0148461219156    |DF(x)| =  0.0129333103491
49 :     |F(x)| =  0.0142665369314    |DF(x)| =  0.0124373210518
50 :     |F(x)| =  0.0137202927303    |DF(x)| =  0.0119693623042
>> Elapsed time  6.70903205872
norm using Picard   0.0302786670553
>>> Solving using Picard <<<
1 :     |F(x)| =  5.75240625767    |DF(x)| =  1.57079626786
2 :     |F(x)| =  2.38176238908    |DF(x)| =  1.54055468929
3 :     |F(x)| =  1.32477506027    |DF(x)| =  1.08842830887
4 :     |F(x)| =  0.850221981325    |DF(x)| =  0.787736799538
5 :     |F(x)| =  0.594224348486    |DF(x)| =  0.592399805755
6 :     |F(x)| =  0.439665756493    |DF(x)| =  0.460612144928
7 :     |F(x)| =  0.338919227844    |DF(x)| =  0.36806114188
8 :     |F(x)| =  0.26947913171    |DF(x)| =  0.300747960217
9 :     |F(x)| =  0.219532872394    |DF(x)| =  0.250320387971
10 :     |F(x)| =  0.18237715996    |DF(x)| =  0.211588712137
11 :     |F(x)| =  0.153970712222    |DF(x)| =  0.181204117956
12 :     |F(x)| =  0.131756103023    |DF(x)| =  0.156932019768
13 :     |F(x)| =  0.114049256413    |DF(x)| =  0.13723693291
14 :     |F(x)| =  0.0997036879344    |DF(x)| =  0.121036274693
15 :     |F(x)| =  0.0879165199353    |DF(x)| =  0.107549338353
16 :     |F(x)| =  0.0781116566404    |DF(x)| =  0.0962017925724
17 :     |F(x)| =  0.0698668856523    |DF(x)| =  0.0865635640828
18 :     |F(x)| =  0.0628669665137    |DF(x)| =  0.0783074733388
19 :     |F(x)| =  0.0568726210884    |DF(x)| =  0.07118106265
20 :     |F(x)| =  0.0516995426015    |DF(x)| =  0.0649870155368
21 :     |F(x)| =  0.0472038823982    |DF(x)| =  0.0595693069463
22 :     |F(x)| =  0.0432720243255    |DF(x)| =  0.0548032573213
23 :     |F(x)| =  0.0398132565817    |DF(x)| =  0.0505882641488
24 :     |F(x)| =  0.0367544375952    |DF(x)| =  0.0468424267249
25 :     |F(x)| =  0.0340360587354    |DF(x)| =  0.0434985288515
26 :     |F(x)| =  0.0316093006681    |DF(x)| =  0.0405009803473
27 :     |F(x)| =  0.0294338060206    |DF(x)| =  0.0378034887836
28 :     |F(x)| =  0.0274759761209    |DF(x)| =  0.0353672513344
29 :     |F(x)| =  0.0257076550736    |DF(x)| =  0.0331595457668
30 :     |F(x)| =  0.0241051036486    |DF(x)| =  0.0311526213646
31 :     |F(x)| =  0.0226481922251    |DF(x)| =  0.0293228187236
32 :     |F(x)| =  0.0213197608547    |DF(x)| =  0.0276498664052
33 :     |F(x)| =  0.0201051080212    |DF(x)| =  0.0261163145772
34 :     |F(x)| =  0.0189915793009    |DF(x)| =  0.024707076331
35 :     |F(x)| =  0.0179682342181    |DF(x)| =  0.0234090537901
36 :     |F(x)| =  0.0170255748602    |DF(x)| =  0.0222108303812
37 :     |F(x)| =  0.0161553226991    |DF(x)| =  0.0211024199524
38 :     |F(x)| =  0.0153502362535    |DF(x)| =  0.0200750553933
39 :     |F(x)| =  0.0146039579838    |DF(x)| =  0.0191210147087
40 :     |F(x)| =  0.0139108881136    |DF(x)| =  0.0182334749256
41 :     |F(x)| =  0.0132660786641    |DF(x)| =  0.0174063892404
42 :     |F(x)| =  0.012665144359    |DF(x)| =  0.0166343833865
43 :     |F(x)| =  0.012104187507    |DF(x)| =  0.015912667753
44 :     |F(x)| =  0.0115797342738    |DF(x)| =  0.0152369626642
45 :     |F(x)| =  0.0110886805286    |DF(x)| =  0.0146034345355
46 :     |F(x)| =  0.0106282455495    |DF(x)| =  0.0140086411999
47 :     |F(x)| =  0.0101959324037    |DF(x)| =  0.0134494848713
48 :     |F(x)| =  0.0097894938401    |DF(x)| =  0.0129231715987
49 :     |F(x)| =  0.00940690291061    |DF(x)| =  0.0124271761659
50 :     |F(x)| =  0.00904632751602    |DF(x)| =  0.0119592116492
>> Elapsed time  2.25962018967
norm using Picard   0.0303005753078
norm U   =  3.23161280569e-06
norm U   =  nan
norm U   =  5.49659432291e-06
norm U   =  0.00524171669064
======== running  test_anisotropicDiffusion  ========
======== running  test_bilaplacian_2d  ========
======== running  test_dirichlet_1d  ========
======== running  test_dirichlet_2d  ========
======== running  test_monge_ampere_mesh_picard  ========
======== running  test_monge_ampere_mesh_picardtwogrids  ========
======== running  test_monge_ampere_picard  ========
======== running  test_multigrid  ========
======== running  test_neumann_2d  ========
======== running  test_neumann_circle  ========
======== running  test_neumann_quartcircle  ========
======== running  test_nonlin_ex1_newton  ========
======== running  test_nonlin_ex1_newton_mp  ========
======== running  test_nonlin_ex1_picard  ========
======== running  test_nonlin_ex1_picard_mp  ========
======== running  test_poisson_1d  ========
======== running  test_poisson_2d  ========
======== running  test_poisson_circle  ========
======== running  test_poisson_circle_metric  ========
======== running  test_solver_circ  ========
======== running  test_solver_petsc4py  ========
======== running  test_solver_pyamg  ========
======== running  test_solver_scipy  ========
-------------------------------------------------------------
Ran  25  tests in  43.6105270386 s
 
OK
